#
# A fatal error has been detected by the Java Runtime Environment:
#
#  EXCEPTION_ACCESS_VIOLATION (0xc0000005) at pc=0x000000006f8818bf, pid=10376, tid=14588
#
# JRE version: Java(TM) SE Runtime Environment (8.0_91-b14) (build 1.8.0_91-b14)
# Java VM: Java HotSpot(TM) 64-Bit Server VM (25.91-b14 mixed mode windows-amd64 compressed oops)
# Problematic frame:
# V  [jvm.dll+0x5018bf]
#
# Failed to write core dump. Minidumps are not enabled by default on client versions of Windows
#
# If you would like to submit a bug report, please visit:
#   http://bugreport.java.com/bugreport/crash.jsp
#

---------------  T H R E A D  ---------------

Current thread (0x0000000014c64000):  JavaThread "C2 CompilerThread0" daemon [_thread_in_native, id=14588, stack(0x0000000015b90000,0x0000000015c90000)]

siginfo: ExceptionCode=0xc0000005, writing address 0xffffffffffffff97

Registers:
RAX=0x000000001931c3a0, RBX=0x000000001ad9e578, RCX=0x000000000000000c, RDX=0x000000000000000c
RSP=0x0000000015c8ba00, RBP=0x00000000190f6ac0, RSI=0x0000000015c8eab0, RDI=0x000000000000006d
R8 =0x0000000000000000, R9 =0x000000006f380000, R10=0x000000001ad9eab8, R11=0x000000006f9ee3d8
R12=0x0000000015c8bbd0, R13=0x0000000000000000, R14=0x000000006f380000, R15=0x0000000000000006
RIP=0x000000006f8818bf, EFLAGS=0x0000000000010a03

Top of Stack: (sp=0x0000000015c8ba00)
0x0000000015c8ba00:   000000001ad9e578 0000000015c8eab0
0x0000000015c8ba10:   00000000190f6a00 0000000018d3e200
0x0000000015c8ba20:   0000000000000000 0000000000000000
0x0000000015c8ba30:   000000001ad9c7a8 000000006f87ae05
0x0000000015c8ba40:   0000000015c8bbd0 00000000190f6ac0
0x0000000015c8ba50:   0000000000000006 000000004f000000
0x0000000015c8ba60:   0000000000000006 000000004f000000
0x0000000015c8ba70:   0000000000000000 000000000000006d
0x0000000015c8ba80:   0000000000000000 000000006f87b937
0x0000000015c8ba90:   000000000000005d 0000000015c8bbd0
0x0000000015c8baa0:   00000000190f6ac0 000000006f888aed
0x0000000015c8bab0:   000000001ad9b3e0 0000000015c8e060
0x0000000015c8bac0:   0000000000000000 00000000190f6ac0
0x0000000015c8bad0:   0000000000000270 000000006f87bcb9
0x0000000015c8bae0:   0000000015c8bbd0 0000000000000001
0x0000000015c8baf0:   00000000000000d0 000000006f9dc778 

Instructions: (pc=0x000000006f8818bf)
0x000000006f88189f:   e8 cc a0 f4 ff 48 85 c0 0f 84 2f 0f 00 00 48 8b
0x000000006f8818af:   d3 48 8b c8 e8 88 ac ff ff 48 8b ff ff 00 00 00
0x000000006f8818bf:   00 41 8b 00 ff 00 00 8b 44 24 28 00 ff 00 00 89
0x000000006f8818cf:   54 24 48 00 ff 00 00 8b 48 10 49 ff ff 00 00 ca 


Register to memory mapping:

RAX=0x000000001931c3a0 is an unknown value
RBX=0x000000001ad9e578 is an unknown value
RCX=0x000000000000000c is an unknown value
RDX=0x000000000000000c is an unknown value
RSP=0x0000000015c8ba00 is pointing into the stack for thread: 0x0000000014c64000
RBP=0x00000000190f6ac0 is an unknown value
RSI=0x0000000015c8eab0 is pointing into the stack for thread: 0x0000000014c64000
RDI=0x000000000000006d is an unknown value
R8 =0x0000000000000000 is an unknown value
R9 =0x000000006f380000 is an unknown value
R10=0x000000001ad9eab8 is an unknown value
R11=0x000000006f9ee3d8 is an unknown value
R12=0x0000000015c8bbd0 is pointing into the stack for thread: 0x0000000014c64000
R13=0x0000000000000000 is an unknown value
R14=0x000000006f380000 is an unknown value
R15=0x0000000000000006 is an unknown value


Stack: [0x0000000015b90000,0x0000000015c90000],  sp=0x0000000015c8ba00,  free space=1006k
Native frames: (J=compiled Java code, j=interpreted, Vv=VM code, C=native code)
V  [jvm.dll+0x5018bf]
V  [jvm.dll+0x4fb937]
V  [jvm.dll+0x4fbcb9]
V  [jvm.dll+0x4fc24f]
V  [jvm.dll+0x455bf0]
V  [jvm.dll+0x47ab96]
V  [jvm.dll+0x502db7]
V  [jvm.dll+0x4fb937]
V  [jvm.dll+0x4fbcb9]
V  [jvm.dll+0x4fc24f]
V  [jvm.dll+0x455bf0]
V  [jvm.dll+0x47ab96]
V  [jvm.dll+0x502db7]
V  [jvm.dll+0x4fb937]
V  [jvm.dll+0x4fbcb9]
V  [jvm.dll+0x4fc24f]
V  [jvm.dll+0x455bf0]
V  [jvm.dll+0x47ab96]
V  [jvm.dll+0x502db7]
V  [jvm.dll+0x4fb937]
V  [jvm.dll+0x4fbcb9]
V  [jvm.dll+0x4fc24f]
V  [jvm.dll+0x455bf0]
V  [jvm.dll+0x47ab96]
V  [jvm.dll+0x502db7]
V  [jvm.dll+0x4fb937]
V  [jvm.dll+0x4fbcb9]
V  [jvm.dll+0x4fc24f]
V  [jvm.dll+0x455bf0]
V  [jvm.dll+0x4562ed]
V  [jvm.dll+0x47ab96]
V  [jvm.dll+0x502db7]
V  [jvm.dll+0x4fb937]
V  [jvm.dll+0x4fbcb9]
V  [jvm.dll+0x4fc24f]
V  [jvm.dll+0x455bf0]
V  [jvm.dll+0x4562ed]
V  [jvm.dll+0x47ab96]
V  [jvm.dll+0x502db7]
V  [jvm.dll+0x4fb937]
V  [jvm.dll+0x4fbcb9]
V  [jvm.dll+0x4fc24f]
V  [jvm.dll+0x455bf0]
V  [jvm.dll+0x47ab96]
V  [jvm.dll+0x502db7]
V  [jvm.dll+0x4fb937]
V  [jvm.dll+0x4fbcb9]
V  [jvm.dll+0x4fc24f]
V  [jvm.dll+0x455bf0]
V  [jvm.dll+0x47ab96]
V  [jvm.dll+0x502db7]
V  [jvm.dll+0x4fb937]
V  [jvm.dll+0x4fbcb9]
V  [jvm.dll+0x4fc24f]
V  [jvm.dll+0x455bf0]
V  [jvm.dll+0x4718e5]
V  [jvm.dll+0x454ce2]
V  [jvm.dll+0xa4be2]
V  [jvm.dll+0xa551f]
V  [jvm.dll+0x243ae4]
V  [jvm.dll+0x29a99a]
C  [msvcr100.dll+0x21d9f]
C  [msvcr100.dll+0x21e3b]
C  [KERNEL32.DLL+0x8364]
C  [ntdll.dll+0x670d1]


Current CompileTask:
C2:3550220 9691   !   4       java.net.URLClassLoader$1::run (63 bytes)


---------------  P R O C E S S  ---------------

Java Threads: ( => current thread )
  0x0000000016a45000 JavaThread "localhost-startStop-1" daemon [_thread_in_vm, id=10140, stack(0x00000000263c0000,0x00000000264c0000)]
  0x0000000016a42800 JavaThread "Tomcat-startStop-1" daemon [_thread_blocked, id=13108, stack(0x00000000262c0000,0x00000000263c0000)]
  0x0000000016a47000 JavaThread "NioBlockingSelector.BlockPoller-14" daemon [_thread_in_native, id=13320, stack(0x00000000261c0000,0x00000000262c0000)]
  0x0000000016a43800 JavaThread "NioBlockingSelector.BlockPoller-13" daemon [_thread_in_native, id=6052, stack(0x00000000260c0000,0x00000000261c0000)]
  0x0000000016a4a000 JavaThread "Abandoned connection cleanup thread" daemon [_thread_blocked, id=16960, stack(0x0000000025fc0000,0x00000000260c0000)]
  0x0000000016a49800 JavaThread "Abandoned connection cleanup thread" daemon [_thread_blocked, id=6328, stack(0x0000000024fc0000,0x00000000250c0000)]
  0x0000000016a45800 JavaThread "Abandoned connection cleanup thread" daemon [_thread_blocked, id=8564, stack(0x0000000022af0000,0x0000000022bf0000)]
  0x0000000016409000 JavaThread "C3P0PooledConnectionPoolManager[identityToken->1hge1fe9px3tymyxotoj8|690b44c4]-HelperThread-#2" daemon [_thread_blocked, id=16440, stack(0x00000000229f0000,0x0000000022af0000)]
  0x000000001640b800 JavaThread "C3P0PooledConnectionPoolManager[identityToken->1hge1fe9px3tymyxotoj8|690b44c4]-HelperThread-#1" daemon [_thread_blocked, id=11844, stack(0x00000000228f0000,0x00000000229f0000)]
  0x0000000016408800 JavaThread "C3P0PooledConnectionPoolManager[identityToken->1hge1fe9px3tymyxotoj8|690b44c4]-HelperThread-#0" daemon [_thread_blocked, id=2068, stack(0x00000000227f0000,0x00000000228f0000)]
  0x000000001728d000 JavaThread "C3P0PooledConnectionPoolManager[identityToken->1hge1fe9px3tymyxotoj8|690b44c4]-AdminTaskTimer" daemon [_thread_blocked, id=8536, stack(0x00000000226f0000,0x00000000227f0000)]
  0x000000001640d000 JavaThread "Abandoned connection cleanup thread" daemon [_thread_blocked, id=15220, stack(0x00000000214f0000,0x00000000215f0000)]
  0x0000000017290000 JavaThread "Abandoned connection cleanup thread" daemon [_thread_blocked, id=15140, stack(0x00000000207f0000,0x00000000208f0000)]
  0x000000001728b000 JavaThread "C3P0PooledConnectionPoolManager[identityToken->1hge1fe9px3lvt85o4003|680bfe47]-HelperThread-#2" daemon [_thread_blocked, id=16992, stack(0x000000001f3f0000,0x000000001f4f0000)]
  0x0000000017291800 JavaThread "C3P0PooledConnectionPoolManager[identityToken->1hge1fe9px3lvt85o4003|680bfe47]-HelperThread-#1" daemon [_thread_blocked, id=8908, stack(0x000000001f2f0000,0x000000001f3f0000)]
  0x0000000017291000 JavaThread "C3P0PooledConnectionPoolManager[identityToken->1hge1fe9px3lvt85o4003|680bfe47]-HelperThread-#0" daemon [_thread_blocked, id=11252, stack(0x000000001f1f0000,0x000000001f2f0000)]
  0x000000001728c800 JavaThread "C3P0PooledConnectionPoolManager[identityToken->1hge1fe9px3lvt85o4003|680bfe47]-AdminTaskTimer" daemon [_thread_blocked, id=14520, stack(0x000000001f0f0000,0x000000001f1f0000)]
  0x00000000171f8800 JavaThread "Abandoned connection cleanup thread" daemon [_thread_blocked, id=14684, stack(0x000000001d9f0000,0x000000001daf0000)]
  0x0000000019081800 JavaThread "SeedGenerator Thread" daemon [_thread_blocked, id=11828, stack(0x0000000019ae0000,0x0000000019be0000)]
  0x0000000015dc0800 JavaThread "Service Thread" daemon [_thread_blocked, id=4852, stack(0x0000000016190000,0x0000000016290000)]
  0x0000000014c66000 JavaThread "C1 CompilerThread1" daemon [_thread_blocked, id=15364, stack(0x0000000015c90000,0x0000000015d90000)]
=>0x0000000014c64000 JavaThread "C2 CompilerThread0" daemon [_thread_in_native, id=14588, stack(0x0000000015b90000,0x0000000015c90000)]
  0x0000000014c62000 JavaThread "Attach Listener" daemon [_thread_blocked, id=2792, stack(0x0000000015a90000,0x0000000015b90000)]
  0x0000000014c5f000 JavaThread "Signal Dispatcher" daemon [_thread_blocked, id=10072, stack(0x0000000015990000,0x0000000015a90000)]
  0x0000000014be8800 JavaThread "Finalizer" daemon [_thread_blocked, id=5908, stack(0x0000000015830000,0x0000000015930000)]
  0x0000000002860000 JavaThread "Reference Handler" daemon [_thread_blocked, id=7672, stack(0x0000000015730000,0x0000000015830000)]
  0x0000000002773000 JavaThread "main" [_thread_blocked, id=17028, stack(0x0000000002320000,0x0000000002420000)]

Other Threads:
  0x0000000014bc6800 VMThread [stack: 0x0000000015630000,0x0000000015730000] [id=16620]
  0x0000000014c9e800 WatcherThread [stack: 0x0000000016290000,0x0000000016390000] [id=13460]

VM state:not at safepoint (normal execution)

VM Mutex/Monitor currently owned by a thread: None

Heap:
 PSYoungGen      total 245248K, used 153742K [0x00000000eb780000, 0x00000000ffd00000, 0x0000000100000000)
  eden space 193024K, 54% used [0x00000000eb780000,0x00000000f1ddbf10,0x00000000f7400000)
  from space 52224K, 93% used [0x00000000fac80000,0x00000000fdc47a38,0x00000000fdf80000)
  to   space 57856K, 0% used [0x00000000f7400000,0x00000000f7400000,0x00000000fac80000)
 ParOldGen       total 124928K, used 45125K [0x00000000c2600000, 0x00000000ca000000, 0x00000000eb780000)
  object space 124928K, 36% used [0x00000000c2600000,0x00000000c52117c0,0x00000000ca000000)
 Metaspace       used 92166K, capacity 93804K, committed 94336K, reserved 1132544K
  class space    used 11319K, capacity 11792K, committed 11904K, reserved 1048576K

Card table byte_map: [0x0000000011ca0000,0x0000000011e90000] byte_map_base: 0x000000001168d000

Marking Bits: (ParMarkBitMap*) 0x000000006fb92f70
 Begin Bits: [0x00000000121e0000, 0x0000000013148000)
 End Bits:   [0x0000000013148000, 0x00000000140b0000)

Polling page: 0x00000000008e0000

CodeCache: size=245760Kb used=32543Kb max_used=32543Kb free=213216Kb
 bounds [0x00000000028e0000, 0x00000000048e0000, 0x00000000118e0000]
 total_blobs=8840 nmethods=8060 adapters=691
 compilation: enabled

Compilation events (10 events):
Event: 3548.722 Thread 0x0000000014c66000 nmethod 9686 0x00000000048a4e10 code [0x00000000048a6200, 0x00000000048b69b8]
Event: 3548.722 Thread 0x0000000014c66000 9688       3       org.springframework.core.annotation.AnnotationUtils::isSynthesizable (163 bytes)
Event: 3548.725 Thread 0x0000000014c66000 nmethod 9688 0x00000000048a0950 code [0x00000000048a0c20, 0x00000000048a1d68]
Event: 3548.725 Thread 0x0000000014c66000 9687       3       org.springframework.core.annotation.AnnotationUtils::synthesizeAnnotation (84 bytes)
Event: 3548.729 Thread 0x0000000014c66000 nmethod 9687 0x000000000489ead0 code [0x000000000489ed60, 0x00000000048a00c8]
Event: 3548.730 Thread 0x0000000014c66000 9689       3       java.util.Collections::swap (25 bytes)
Event: 3548.730 Thread 0x0000000014c66000 nmethod 9689 0x00000000048cdb50 code [0x00000000048cdce0, 0x00000000048ce068]
Event: 3548.731 Thread 0x0000000014c66000 9690       3       org.springframework.core.annotation.AnnotationUtils::adaptValue (182 bytes)
Event: 3548.734 Thread 0x0000000014c66000 nmethod 9690 0x00000000048ce190 code [0x00000000048ce420, 0x00000000048cfa18]
Event: 3548.982 Thread 0x0000000014c64000 9691   !   4       java.net.URLClassLoader$1::run (63 bytes)

GC Heap History (10 events):
Event: 836.531 GC heap before
{Heap before GC invocations=31 (full 3):
 PSYoungGen      total 195584K, used 193492K [0x00000000eb780000, 0x00000000fb380000, 0x0000000100000000)
  eden space 154624K, 100% used [0x00000000eb780000,0x00000000f4e80000,0x00000000f4e80000)
  from space 40960K, 94% used [0x00000000f4e80000,0x00000000f7475248,0x00000000f7680000)
  to   space 45568K, 0% used [0x00000000f8700000,0x00000000f8700000,0x00000000fb380000)
 ParOldGen       total 124928K, used 45093K [0x00000000c2600000, 0x00000000ca000000, 0x00000000eb780000)
  object space 124928K, 36% used [0x00000000c2600000,0x00000000c52097c0,0x00000000ca000000)
 Metaspace       used 80275K, capacity 81808K, committed 82304K, reserved 1122304K
  class space    used 9670K, capacity 10106K, committed 10112K, reserved 1048576K
Event: 836.914 GC heap after
Heap after GC invocations=31 (full 3):
 PSYoungGen      total 211456K, used 32201K [0x00000000eb780000, 0x00000000fba80000, 0x0000000100000000)
  eden space 165888K, 0% used [0x00000000eb780000,0x00000000eb780000,0x00000000f5980000)
  from space 45568K, 70% used [0x00000000f8700000,0x00000000fa6726a0,0x00000000fb380000)
  to   space 46592K, 0% used [0x00000000f5980000,0x00000000f5980000,0x00000000f8700000)
 ParOldGen       total 124928K, used 45101K [0x00000000c2600000, 0x00000000ca000000, 0x00000000eb780000)
  object space 124928K, 36% used [0x00000000c2600000,0x00000000c520b7c0,0x00000000ca000000)
 Metaspace       used 80275K, capacity 81808K, committed 82304K, reserved 1122304K
  class space    used 9670K, capacity 10106K, committed 10112K, reserved 1048576K
}
Event: 846.215 GC heap before
{Heap before GC invocations=32 (full 3):
 PSYoungGen      total 211456K, used 198082K [0x00000000eb780000, 0x00000000fba80000, 0x0000000100000000)
  eden space 165888K, 99% used [0x00000000eb780000,0x00000000f597e2a0,0x00000000f5980000)
  from space 45568K, 70% used [0x00000000f8700000,0x00000000fa6726a0,0x00000000fb380000)
  to   space 46592K, 0% used [0x00000000f5980000,0x00000000f5980000,0x00000000f8700000)
 ParOldGen       total 124928K, used 45101K [0x00000000c2600000, 0x00000000ca000000, 0x00000000eb780000)
  object space 124928K, 36% used [0x00000000c2600000,0x00000000c520b7c0,0x00000000ca000000)
 Metaspace       used 82034K, capacity 83516K, committed 83968K, reserved 1122304K
  class space    used 9930K, capacity 10372K, committed 10496K, reserved 1048576K
Event: 846.386 GC heap after
Heap after GC invocations=32 (full 3):
 PSYoungGen      total 212480K, used 34043K [0x00000000eb780000, 0x00000000fca00000, 0x0000000100000000)
  eden space 165888K, 0% used [0x00000000eb780000,0x00000000eb780000,0x00000000f5980000)
  from space 46592K, 73% used [0x00000000f5980000,0x00000000f7abee30,0x00000000f8700000)
  to   space 48640K, 0% used [0x00000000f9a80000,0x00000000f9a80000,0x00000000fca00000)
 ParOldGen       total 124928K, used 45109K [0x00000000c2600000, 0x00000000ca000000, 0x00000000eb780000)
  object space 124928K, 36% used [0x00000000c2600000,0x00000000c520d7c0,0x00000000ca000000)
 Metaspace       used 82034K, capacity 83516K, committed 83968K, reserved 1122304K
  class space    used 9930K, capacity 10372K, committed 10496K, reserved 1048576K
}
Event: 848.696 GC heap before
{Heap before GC invocations=33 (full 3):
 PSYoungGen      total 212480K, used 199931K [0x00000000eb780000, 0x00000000fca00000, 0x0000000100000000)
  eden space 165888K, 100% used [0x00000000eb780000,0x00000000f5980000,0x00000000f5980000)
  from space 46592K, 73% used [0x00000000f5980000,0x00000000f7abee30,0x00000000f8700000)
  to   space 48640K, 0% used [0x00000000f9a80000,0x00000000f9a80000,0x00000000fca00000)
 ParOldGen       total 124928K, used 45109K [0x00000000c2600000, 0x00000000ca000000, 0x00000000eb780000)
  object space 124928K, 36% used [0x00000000c2600000,0x00000000c520d7c0,0x00000000ca000000)
 Metaspace       used 82250K, capacity 83758K, committed 84224K, reserved 1122304K
  class space    used 9969K, capacity 10410K, committed 10496K, reserved 1048576K
Event: 848.837 GC heap after
Heap after GC invocations=33 (full 3):
 PSYoungGen      total 228352K, used 42892K [0x00000000eb780000, 0x00000000fd480000, 0x0000000100000000)
  eden space 179712K, 0% used [0x00000000eb780000,0x00000000eb780000,0x00000000f6700000)
  from space 48640K, 88% used [0x00000000f9a80000,0x00000000fc4632f8,0x00000000fca00000)
  to   space 52736K, 0% used [0x00000000f6700000,0x00000000f6700000,0x00000000f9a80000)
 ParOldGen       total 124928K, used 45109K [0x00000000c2600000, 0x00000000ca000000, 0x00000000eb780000)
  object space 124928K, 36% used [0x00000000c2600000,0x00000000c520d7c0,0x00000000ca000000)
 Metaspace       used 82250K, capacity 83758K, committed 84224K, reserved 1122304K
  class space    used 9969K, capacity 10410K, committed 10496K, reserved 1048576K
}
Event: 3535.513 GC heap before
{Heap before GC invocations=34 (full 3):
 PSYoungGen      total 228352K, used 222604K [0x00000000eb780000, 0x00000000fd480000, 0x0000000100000000)
  eden space 179712K, 100% used [0x00000000eb780000,0x00000000f6700000,0x00000000f6700000)
  from space 48640K, 88% used [0x00000000f9a80000,0x00000000fc4632f8,0x00000000fca00000)
  to   space 52736K, 0% used [0x00000000f6700000,0x00000000f6700000,0x00000000f9a80000)
 ParOldGen       total 124928K, used 45109K [0x00000000c2600000, 0x00000000ca000000, 0x00000000eb780000)
  object space 124928K, 36% used [0x00000000c2600000,0x00000000c520d7c0,0x00000000ca000000)
 Metaspace       used 89320K, capacity 90864K, committed 91392K, reserved 1128448K
  class space    used 10934K, capacity 11395K, committed 11520K, reserved 1048576K
Event: 3537.195 GC heap after
Heap after GC invocations=34 (full 3):
 PSYoungGen      total 232448K, used 31712K [0x00000000eb780000, 0x00000000fdf80000, 0x0000000100000000)
  eden space 179712K, 0% used [0x00000000eb780000,0x00000000eb780000,0x00000000f6700000)
  from space 52736K, 60% used [0x00000000f6700000,0x00000000f85f8258,0x00000000f9a80000)
  to   space 52224K, 0% used [0x00000000fac80000,0x00000000fac80000,0x00000000fdf80000)
 ParOldGen       total 124928K, used 45117K [0x00000000c2600000, 0x00000000ca000000, 0x00000000eb780000)
  object space 124928K, 36% used [0x00000000c2600000,0x00000000c520f7c0,0x00000000ca000000)
 Metaspace       used 89320K, capacity 90864K, committed 91392K, reserved 1128448K
  class space    used 10934K, capacity 11395K, committed 11520K, reserved 1048576K
}
Event: 3540.034 GC heap before
{Heap before GC invocations=35 (full 3):
 PSYoungGen      total 232448K, used 211424K [0x00000000eb780000, 0x00000000fdf80000, 0x0000000100000000)
  eden space 179712K, 100% used [0x00000000eb780000,0x00000000f6700000,0x00000000f6700000)
  from space 52736K, 60% used [0x00000000f6700000,0x00000000f85f8258,0x00000000f9a80000)
  to   space 52224K, 0% used [0x00000000fac80000,0x00000000fac80000,0x00000000fdf80000)
 ParOldGen       total 124928K, used 45117K [0x00000000c2600000, 0x00000000ca000000, 0x00000000eb780000)
  object space 124928K, 36% used [0x00000000c2600000,0x00000000c520f7c0,0x00000000ca000000)
 Metaspace       used 89324K, capacity 90868K, committed 91392K, reserved 1128448K
  class space    used 10934K, capacity 11395K, committed 11520K, reserved 1048576K
Event: 3541.688 GC heap after
Heap after GC invocations=35 (full 3):
 PSYoungGen      total 245248K, used 48926K [0x00000000eb780000, 0x00000000ffd00000, 0x0000000100000000)
  eden space 193024K, 0% used [0x00000000eb780000,0x00000000eb780000,0x00000000f7400000)
  from space 52224K, 93% used [0x00000000fac80000,0x00000000fdc47a38,0x00000000fdf80000)
  to   space 57856K, 0% used [0x00000000f7400000,0x00000000f7400000,0x00000000fac80000)
 ParOldGen       total 124928K, used 45125K [0x00000000c2600000, 0x00000000ca000000, 0x00000000eb780000)
  object space 124928K, 36% used [0x00000000c2600000,0x00000000c52117c0,0x00000000ca000000)
 Metaspace       used 89324K, capacity 90868K, committed 91392K, reserved 1128448K
  class space    used 10934K, capacity 11395K, committed 11520K, reserved 1048576K
}

Deoptimization events (10 events):
Event: 466.023 Thread 0x0000000016a48000 Uncommon trap: reason=class_check action=maybe_recompile pc=0x0000000003350644 method=com.sun.org.apache.xerces.internal.parsers.AbstractSAXParser.endElement(Lcom/sun/org/apache/xerces/internal/xni/QName;Lcom/sun/org/apache/xerces/internal/xni/AugmentationW±b D.}@
Event: 466.892 Thread 0x0000000016a48000 Uncommon trap: reason=unstable_if action=reinterpret pc=0x0000000004190b78 method=org.eclipse.jdt.internal.compiler.lookup.LookupEnvironment.convertUnresolvedBinaryToRawType(Lorg/eclipse/jdt/internal/compiler/lookup/TypeBinding;)Lorg/eclipse/jdt/internal/c	jâ“¢}@
Event: 474.161 Thread 0x000000001728e000 Uncommon trap: reason=class_check action=maybe_recompile pc=0x0000000003ee4ad8 method=com.sun.org.apache.xerces.internal.impl.XMLDocumentFragmentScannerImpl.scanDocument(Z)Z @ 163
Event: 474.169 Thread 0x000000001728e000 Uncommon trap: reason=class_check action=maybe_recompile pc=0x0000000003dfd710 method=com.sun.org.apache.xerces.internal.impl.XMLDocumentFragmentScannerImpl.scanDocument(Z)Z @ 163
Event: 539.991 Thread 0x0000000016a48800 Uncommon trap: reason=class_check action=maybe_recompile pc=0x0000000003ee4ad8 method=com.sun.org.apache.xerces.internal.impl.XMLDocumentFragmentScannerImpl.scanDocument(Z)Z @ 163
Event: 540.032 Thread 0x0000000016a48800 Uncommon trap: reason=class_check action=maybe_recompile pc=0x0000000003dfd710 method=com.sun.org.apache.xerces.internal.impl.XMLDocumentFragmentScannerImpl.scanDocument(Z)Z @ 163
Event: 540.041 Thread 0x0000000016a48800 Uncommon trap: reason=unstable_if action=reinterpret pc=0x0000000002d11768 method=com.sun.org.apache.xerces.internal.impl.io.UTF8Reader.read([CII)I @ 201
Event: 540.426 Thread 0x0000000016a48800 Uncommon trap: reason=unstable_if action=reinterpret pc=0x00000000041eb3c0 method=org.eclipse.jdt.internal.compiler.parser.Scanner.getNextToken0()I @ 980
Event: 541.140 Thread 0x0000000016a48800 Uncommon trap: reason=unstable_if action=reinterpret pc=0x00000000042ed624 method=sun.nio.cs.UTF_8$Decoder.decode([BII[C)I @ 90
Event: 3548.953 Thread 0x0000000016a45000 Uncommon trap: reason=null_check action=make_not_entrant pc=0x0000000003e0db90 method=java.util.jar.JarFile.getManifestFromReference()Ljava/util/jar/Manifest; @ 14

Internal exceptions (10 events):
Event: 861.829 Thread 0x0000000016a43800 Exception <a 'java/lang/ClassNotFoundException': org/springframework/web/servlet/support/AbstractFlashMapManagerBeanInfo> (0x00000000f4622838) thrown at [C:\re\workspace\8-2-build-windows-amd64-cygwin\jdk8u91\6644\hotspot\src\share\vm\classfile\systemDicti
Event: 861.836 Thread 0x0000000016a43800 Exception <a 'java/lang/ClassNotFoundException': org/springframework/web/servlet/support/AbstractFlashMapManagerCustomizer> (0x00000000f463ed70) thrown at [C:\re\workspace\8-2-build-windows-amd64-cygwin\jdk8u91\6644\hotspot\src\share\vm\classfile\systemDic»%RÁîŠ@
Event: 861.844 Thread 0x0000000016a43800 Exception <a 'java/lang/ClassNotFoundException': org/springframework/web/servlet/support/SessionFlashMapManagerCustomizer> (0x00000000f4662af0) thrown at [C:\re\workspace\8-2-build-windows-amd64-cygwin\jdk8u91\6644\hotspot\src\share\vm\classfile\systemDictü­b¶ÌîŠ@
Event: 861.850 Thread 0x0000000016a43800 Exception <a 'java/lang/ClassNotFoundException': org/springframework/web/servlet/FlashMapManagerCustomizer> (0x00000000f467e0a8) thrown at [C:\re\workspace\8-2-build-windows-amd64-cygwin\jdk8u91\6644\hotspot\src\share\vm\classfile\systemDictionary.cpp, linj‰`ž«@
Event: 3535.036 Thread 0x0000000016a45000 Exception <a 'java/security/PrivilegedActionException'> (0x00000000f61ddde0) thrown at [C:\re\workspace\8-2-build-windows-amd64-cygwin\jdk8u91\6644\hotspot\src\share\vm\prims\jvm.cpp, line 1386]
Event: 3535.036 Thread 0x0000000016a45000 Exception <a 'java/security/PrivilegedActionException'> (0x00000000f61de1d8) thrown at [C:\re\workspace\8-2-build-windows-amd64-cygwin\jdk8u91\6644\hotspot\src\share\vm\prims\jvm.cpp, line 1386]
Event: 3535.054 Thread 0x0000000016a45000 Exception <a 'java/security/PrivilegedActionException'> (0x00000000f620bbb8) thrown at [C:\re\workspace\8-2-build-windows-amd64-cygwin\jdk8u91\6644\hotspot\src\share\vm\prims\jvm.cpp, line 1386]
Event: 3535.055 Thread 0x0000000016a45000 Exception <a 'java/security/PrivilegedActionException'> (0x00000000f620bfb0) thrown at [C:\re\workspace\8-2-build-windows-amd64-cygwin\jdk8u91\6644\hotspot\src\share\vm\prims\jvm.cpp, line 1386]
Event: 3545.771 Thread 0x0000000016a45000 Exception <a 'java/io/FileNotFoundException'> (0x00000000f076c2a8) thrown at [C:\re\workspace\8-2-build-windows-amd64-cygwin\jdk8u91\6644\hotspot\src\share\vm\prims\jni.cpp, line 709]
Event: 3548.952 Thread 0x0000000016a45000 Implicit null exception at 0x0000000003e09372 to 0x0000000003e0db61

Events (10 events):
Event: 3548.996 loading class org/springframework/beans/factory/parsing/PassThroughSourceExtractor
Event: 3548.996 loading class org/springframework/beans/factory/parsing/PassThroughSourceExtractor done
Event: 3548.998 loading class org/springframework/context/annotation/ConfigurationClassPostProcessor$1
Event: 3548.998 loading class org/springframework/context/annotation/ConfigurationClassPostProcessor$1 done
Event: 3548.999 loading class org/springframework/beans/BeanWrapperImpl
Event: 3548.999 loading class org/springframework/beans/BeanWrapperImpl done
Event: 3549.000 loading class org/springframework/beans/AbstractNestablePropertyAccessor
Event: 3549.000 loading class org/springframework/beans/AbstractNestablePropertyAccessor done
Event: 3549.004 loading class org/springframework/beans/AbstractPropertyAccessor
Event: 3549.004 loading class org/springframework/beans/AbstractPropertyAccessor done


Dynamic libraries:
0x00007ff60fdf0000 - 0x00007ff60fe27000 	C:\Program Files\Java\jdk1.8.0_91\bin\java.exe
0x00007ff9d19f0000 - 0x00007ff9d1bc1000 	C:\WINDOWS\SYSTEM32\ntdll.dll
0x00007ff9cf140000 - 0x00007ff9cf1eb000 	C:\WINDOWS\System32\KERNEL32.DLL
0x00007ff9ce390000 - 0x00007ff9ce5ad000 	C:\WINDOWS\System32\KERNELBASE.dll
0x00007ff9cef90000 - 0x00007ff9cf032000 	C:\WINDOWS\System32\ADVAPI32.dll
0x00007ff9d1750000 - 0x00007ff9d17ee000 	C:\WINDOWS\System32\msvcrt.dll
0x00007ff9d1830000 - 0x00007ff9d1889000 	C:\WINDOWS\System32\sechost.dll
0x00007ff9cee60000 - 0x00007ff9cef81000 	C:\WINDOWS\System32\RPCRT4.dll
0x00007ff9cff60000 - 0x00007ff9d00c5000 	C:\WINDOWS\System32\USER32.dll
0x00007ff9cde20000 - 0x00007ff9cde3e000 	C:\WINDOWS\System32\win32u.dll
0x00007ff9d17f0000 - 0x00007ff9d1824000 	C:\WINDOWS\System32\GDI32.dll
0x00007ff9cdc90000 - 0x00007ff9cde12000 	C:\WINDOWS\System32\gdi32full.dll
0x00007ff9c4210000 - 0x00007ff9c4489000 	C:\WINDOWS\WinSxS\amd64_microsoft.windows.common-controls_6595b64144ccf1df_6.0.14393.447_none_42191651c6827bb3\COMCTL32.dll
0x00007ff9cfc00000 - 0x00007ff9cfec8000 	C:\WINDOWS\System32\combase.dll
0x00007ff9ce290000 - 0x00007ff9ce385000 	C:\WINDOWS\System32\ucrtbase.dll
0x00007ff9cde40000 - 0x00007ff9cdeaa000 	C:\WINDOWS\System32\bcryptPrimitives.dll
0x00007ff9cedc0000 - 0x00007ff9cedee000 	C:\WINDOWS\System32\IMM32.DLL
0x0000000070d50000 - 0x0000000070e22000 	C:\Program Files\Java\jdk1.8.0_91\jre\bin\msvcr100.dll
0x000000006f380000 - 0x000000006fc13000 	C:\Program Files\Java\jdk1.8.0_91\jre\bin\server\jvm.dll
0x00007ff9cec90000 - 0x00007ff9cecb3000 	C:\WINDOWS\System32\WINMM.dll
0x00007ff9cdc50000 - 0x00007ff9cdc7b000 	C:\WINDOWS\System32\WINMMBASE.dll
0x00007ff9cecc0000 - 0x00007ff9ced02000 	C:\WINDOWS\System32\cfgmgr32.dll
0x00007ff9c7de0000 - 0x00007ff9c7de9000 	C:\WINDOWS\SYSTEM32\WSOCK32.dll
0x00007ff9cf8e0000 - 0x00007ff9cf8e8000 	C:\WINDOWS\System32\PSAPI.DLL
0x00007ff9d16e0000 - 0x00007ff9d174a000 	C:\WINDOWS\System32\WS2_32.dll
0x00007ff9bcf00000 - 0x00007ff9bcf0a000 	C:\WINDOWS\SYSTEM32\VERSION.dll
0x0000000070d40000 - 0x0000000070d4f000 	C:\Program Files\Java\jdk1.8.0_91\jre\bin\verify.dll
0x0000000070d10000 - 0x0000000070d39000 	C:\Program Files\Java\jdk1.8.0_91\jre\bin\java.dll
0x0000000070cf0000 - 0x0000000070d06000 	C:\Program Files\Java\jdk1.8.0_91\jre\bin\zip.dll
0x00007ff9d00d0000 - 0x00007ff9d15d9000 	C:\WINDOWS\System32\SHELL32.dll
0x00007ff9ce5b0000 - 0x00007ff9cec8a000 	C:\WINDOWS\System32\windows.storage.dll
0x00007ff9ce230000 - 0x00007ff9ce27c000 	C:\WINDOWS\System32\powrprof.dll
0x00007ff9cfee0000 - 0x00007ff9cff32000 	C:\WINDOWS\System32\shlwapi.dll
0x00007ff9cdc40000 - 0x00007ff9cdc4f000 	C:\WINDOWS\System32\kernel.appcore.dll
0x00007ff9ced10000 - 0x00007ff9cedb9000 	C:\WINDOWS\System32\shcore.dll
0x00007ff9cdc20000 - 0x00007ff9cdc34000 	C:\WINDOWS\System32\profapi.dll
0x0000000070cd0000 - 0x0000000070cea000 	C:\Program Files\Java\jdk1.8.0_91\jre\bin\net.dll
0x00007ff9cd4c0000 - 0x00007ff9cd51c000 	C:\WINDOWS\system32\mswsock.dll
0x00007ff9bca50000 - 0x00007ff9bca66000 	C:\WINDOWS\system32\napinsp.dll
0x00007ff9bca30000 - 0x00007ff9bca4a000 	C:\WINDOWS\system32\pnrpnsp.dll
0x00007ff9cb450000 - 0x00007ff9cb468000 	C:\WINDOWS\system32\NLAapi.dll
0x00007ff9cd290000 - 0x00007ff9cd330000 	C:\WINDOWS\SYSTEM32\DNSAPI.dll
0x00007ff9cfbf0000 - 0x00007ff9cfbf8000 	C:\WINDOWS\System32\NSI.dll
0x00007ff9cd250000 - 0x00007ff9cd288000 	C:\WINDOWS\SYSTEM32\IPHLPAPI.DLL
0x00007ff9bc800000 - 0x00007ff9bc80e000 	C:\WINDOWS\System32\winrnr.dll
0x00007ff9bc2f0000 - 0x00007ff9bc305000 	C:\WINDOWS\System32\wshbth.dll
0x00007ff9bcb90000 - 0x00007ff9bcb9a000 	C:\Windows\System32\rasadhlp.dll
0x00007ff9c11e0000 - 0x00007ff9c124a000 	C:\WINDOWS\System32\fwpuclnt.dll
0x00007ff9cdb60000 - 0x00007ff9cdb8b000 	C:\WINDOWS\SYSTEM32\bcrypt.dll
0x0000000070ca0000 - 0x0000000070cad000 	C:\Program Files\Java\jdk1.8.0_91\jre\bin\management.dll
0x0000000070cb0000 - 0x0000000070cc1000 	C:\Program Files\Java\jdk1.8.0_91\jre\bin\nio.dll
0x00007ff9cd660000 - 0x00007ff9cd677000 	C:\WINDOWS\SYSTEM32\CRYPTSP.dll
0x00007ff9cd0d0000 - 0x00007ff9cd103000 	C:\WINDOWS\system32\rsaenh.dll
0x00007ff9cd340000 - 0x00007ff9cd35f000 	C:\WINDOWS\SYSTEM32\USERENV.dll
0x00007ff9cd680000 - 0x00007ff9cd68b000 	C:\WINDOWS\SYSTEM32\CRYPTBASE.dll
0x0000000070c70000 - 0x0000000070c94000 	C:\Program Files\Java\jdk1.8.0_91\jre\bin\sunec.dll
0x00007ff9c10a0000 - 0x00007ff9c10b6000 	C:\WINDOWS\SYSTEM32\dhcpcsvc6.DLL
0x00007ff9c1080000 - 0x00007ff9c109a000 	C:\WINDOWS\SYSTEM32\dhcpcsvc.DLL
0x00007ff9c7bb0000 - 0x00007ff9c7d42000 	C:\WINDOWS\SYSTEM32\dbghelp.dll

VM Arguments:
jvm_args: -Djava.security.egd=file:/dev/./urandom -Dfile.encoding=GBK -Duser.country=CN -Duser.language=zh -Duser.variant 
java_command: org.akhikhl.gretty.Runner --servicePort=57042 --statusPort=57043 --serverManagerFactory=org.akhikhl.gretty.ServerManagerFactory
java_class_path (initial): C:\Users\Administrator\.gradle\caches\modules-2\files-2.1\org.akhikhl.gretty\gretty-runner-tomcat8\1.2.4\9e27791cc4dbc4a98a55987b1696d88699a9fe9d\gretty-runner-tomcat8-1.2.4.jar;C:\Users\Administrator\.gradle\caches\modules-2\files-2.1\org.akhikhl.gretty\gretty-runner-tomcat\1.2.4\684a21495f5f9c71dab0e7755c074f74716cd966\gretty-runner-tomcat-1.2.4.jar;C:\Users\Administrator\.gradle\caches\modules-2\files-2.1\org.apache.tomcat.embed\tomcat-embed-jasper\8.0.23\6119e0c41a0685540b874ee76b469fc2e8a0b9c4\tomcat-embed-jasper-8.0.23.jar;C:\Users\Administrator\.gradle\caches\modules-2\files-2.1\org.apache.tomcat.embed\tomcat-embed-el\8.0.23\5a1ca084156665968232112b6606c0b259213aab\tomcat-embed-el-8.0.23.jar;C:\Users\Administrator\.gradle\caches\modules-2\files-2.1\org.apache.tomcat.embed\tomcat-embed-core\8.0.23\79dc3aea4f447392ab0bdc1359c31a931cd307d6\tomcat-embed-core-8.0.23.jar;C:\Users\Administrator\.gradle\caches\modules-2\files-2.1\org.apache.tomcat.embed\tomcat-embed-websocket\8.0.23\839167a26dec5dcef85fb19e2e429878b7215293\tomcat-embed-websocket-8.0.23.jar;C:\Users\Administrator\.gradle\caches\modules-2\files-2.1\javax.servlet\javax.servlet-api\3.1.0\3cd63d075497751784b2fa84be59432f4905bf7c\javax.servlet-api-3.1.0.jar;C:\Users\Administrator\.gradle\caches\modules-2\files-2.1\org.apache.tomcat.embed\tomcat-embed-logging-log4j\8.0.23\2fb320eef46f9833f727220e7d7db5cfcfcc815c\tomcat-embed-logging-log4j-8.0.23.jar;C:\Users\Administrator\.gradle\caches\modules-2\files-2.1\org.slf4j\log4j-over-slf4j\1.7.12\d2444c9c7c1923304c25f86c5ee83a79a8166205\log4j-over-slf4j-1.7.12.jar;C:\Users\Administrator\.gradle\caches\modules-2\files-2.1\org.akhikhl.gretty\gretty-runner\1.2.4\50723962cab2246f6fdaa256a27e90181bb03815\gretty-runner-1.2.4.jar;C:\Users\Administrator\.gradle\caches\modules-2\files-2.1\org.eclipse.jdt.core.compiler\ecj\4.4.2\71d67f5bab9465ec844596ef844f40902ae25392\ecj-4.4.2.jar;C:\Users\Administrator\.gradle\caches\modules-2\files-2.1\org.s
Launcher Type: SUN_STANDARD

Environment Variables:
JAVA_HOME=C:\Program Files\Java\jdk1.8.0_91
CLASSPATH=.;C:\Program Files\Java\jdk1.8.0_91\lib;C:\Program Files\Java\jdk1.8.0_91\lib\tools.jar
PATH=C:/Program Files/Java/jre1.8.0_91/bin/server;C:/Program Files/Java/jre1.8.0_91/bin;C:/Program Files/Java/jre1.8.0_91/lib/amd64;C:\ProgramData\Oracle\Java\javapath;C:\WINDOWS\system32;C:\WINDOWS;C:\WINDOWS\System32\Wbem;C:\WINDOWS\System32\WindowsPowerShell\v1.0\;C:\Program Files\Java\jdk1.8.0_91\bin;C:\Program Files\Java\jdk1.8.0_91\jre\bin;C:\Program Files (x86)\MySQL\MySQL Fabric 1.5 & MySQL Utilities 1.5\;C:\Program Files (x86)\MySQL\MySQL Fabric 1.5 & MySQL Utilities 1.5\Doctrine extensions for PHP\;C:\gradle-3.2.1\bin;C:\Program Files\TortoiseSVN\bin;C:\Program Files (x86)\PuTTY\;C:\Program Files\Git\cmd;C:\Program Files\TortoiseGit\bin;C:\Program Files\Microsoft SQL Server\Client SDK\ODBC\130\Tools\Binn\;C:\Program Files (x86)\Microsoft SQL Server\130\Tools\Binn\;C:\Program Files\Microsoft SQL Server\130\Tools\Binn\;C:\Program Files\Microsoft SQL Server\130\DTS\Binn\;C:\Program Files (x86)\Microsoft SQL Server\Client SDK\ODBC\130\Tools\Binn\;C:\Program Files (x86)\Microsoft SQL Server\130\DTS\Binn\;C:\Program Files (x86)\Microsoft SQL Server\130\Tools\Binn\ManagementStudio\;C:\Users\Administrator\AppData\Local\Microsoft\WindowsApps;;C:\Program Files (x86)\Microsoft VS Code\bin;C:\eclipse;
USERNAME=Administrator
OS=Windows_NT
PROCESSOR_IDENTIFIER=Intel64 Family 6 Model 76 Stepping 3, GenuineIntel



---------------  S Y S T E M  ---------------

OS: Windows 10.0 , 64 bit Build 14393 (10.0.14393.0)

CPU:total 2 (2 cores per cpu, 1 threads per core) family 6 model 76 stepping 3, cmov, cx8, fxsr, mmx, sse, sse2, sse3, ssse3, sse4.1, sse4.2, popcnt, aes, clmul, erms, 3dnowpref, tsc, tscinvbit

Memory: 4k page, physical 4037348k(569224k free), swap 8100580k(2762792k free)

vm_info: Java HotSpot(TM) 64-Bit Server VM (25.91-b14) for windows-amd64 JRE (1.8.0_91-b14), built on Apr  1 2016 00:58:32 by "java_re" with MS VC++ 10.0 (VS2010)

time: Tue Jul 25 10:08:54 2017
elapsed time: 3549 seconds (0d 0h 59m 9s)

